# JRE version: OpenJDK Runtime Environment (17.0.7) (build 17.0.7+0-b2043.56-10550314)
# Java VM: OpenJDK 64-Bit Server VM (17.0.7+0-b2043.56-10550314, mixed mode, tiered, compressed oops, compressed class ptrs, g1 gc, windows-amd64)
GC Precious Log:
 CPUs: 12 total, 12 available
 Memory: 7306M
 Large Page Support: Disabled
 NUMA Support: Disabled
 Compressed Oops: Enabled (32-bit)
 Heap Region Size: 1M
 Heap Min Capacity: 8M
 Heap Initial Capacity: 116M
 Heap Max Capacity: 2G
 Pre-touch: Disabled
 Parallel Workers: 10
 Concurrent Workers: 3
 Concurrent Refinement Workers: 10
 Periodic GC: Disabled
Heap:
 garbage-first heap   total 242688K, used 146062K [0x0000000080000000, 0x0000000100000000)
  region size 1024K, 4 young (4096K), 4 survivors (4096K)
 Metaspace       used 116646K, committed 117440K, reserved 1179648K
  class space    used 15606K, committed 16000K, reserved 1048576K
GC Heap History (20 events):
Event: 39.211 GC heap after
{Heap after GC invocations=52 (full 0):
 garbage-first heap   total 196608K, used 109818K [0x0000000080000000, 0x0000000100000000)
  region size 1024K, 1 young (1024K), 1 survivors (1024K)
 Metaspace       used 107183K, committed 107904K, reserved 1179648K
  class space    used 14683K, committed 15040K, reserved 1048576K
}
Event: 40.830 GC heap before
{Heap before GC invocations=52 (full 0):
 garbage-first heap   total 196608K, used 168186K [0x0000000080000000, 0x0000000100000000)
  region size 1024K, 58 young (59392K), 1 survivors (1024K)
 Metaspace       used 107786K, committed 108544K, reserved 1179648K
  class space    used 14721K, committed 15104K, reserved 1048576K
}
Event: 40.839 GC heap after
{Heap after GC invocations=53 (full 0):
 garbage-first heap   total 196608K, used 126804K [0x0000000080000000, 0x0000000100000000)
  region size 1024K, 8 young (8192K), 8 survivors (8192K)
 Metaspace       used 107786K, committed 108544K, reserved 1179648K
  class space    used 14721K, committed 15104K, reserved 1048576K
}
Event: 41.986 GC heap before
{Heap before GC invocations=53 (full 0):
 garbage-first heap   total 196608K, used 162644K [0x0000000080000000, 0x0000000100000000)
  region size 1024K, 36 young (36864K), 8 survivors (8192K)
 Metaspace       used 107909K, committed 108672K, reserved 1179648K
  class space    used 14730K, committed 15104K, reserved 1048576K
}
Event: 41.995 GC heap after
{Heap after GC invocations=54 (full 0):
 garbage-first heap   total 196608K, used 137530K [0x0000000080000000, 0x0000000100000000)
  region size 1024K, 6 young (6144K), 6 survivors (6144K)
 Metaspace       used 107909K, committed 108672K, reserved 1179648K
  class space    used 14730K, committed 15104K, reserved 1048576K
}
Event: 42.202 GC heap before
{Heap before GC invocations=55 (full 0):
 garbage-first heap   total 242688K, used 168250K [0x0000000080000000, 0x0000000100000000)
  region size 1024K, 31 young (31744K), 6 survivors (6144K)
 Metaspace       used 108475K, committed 109248K, reserved 1179648K
  class space    used 14776K, committed 15168K, reserved 1048576K
}
Event: 42.209 GC heap after
{Heap after GC invocations=56 (full 0):
 garbage-first heap   total 242688K, used 135329K [0x0000000080000000, 0x0000000100000000)
  region size 1024K, 4 young (4096K), 4 survivors (4096K)
 Metaspace       used 108475K, committed 109248K, reserved 1179648K
  class space    used 14776K, committed 15168K, reserved 1048576K
}
Event: 42.231 GC heap before
{Heap before GC invocations=56 (full 0):
 garbage-first heap   total 242688K, used 142497K [0x0000000080000000, 0x0000000100000000)
  region size 1024K, 11 young (11264K), 4 survivors (4096K)
 Metaspace       used 108514K, committed 109312K, reserved 1179648K
  class space    used 14778K, committed 15168K, reserved 1048576K
}
Event: 42.235 GC heap after
{Heap after GC invocations=57 (full 0):
 garbage-first heap   total 242688K, used 135691K [0x0000000080000000, 0x0000000100000000)
  region size 1024K, 2 young (2048K), 2 survivors (2048K)
 Metaspace       used 108514K, committed 109312K, reserved 1179648K
  class space    used 14778K, committed 15168K, reserved 1048576K
}
Event: 42.808 GC heap before
{Heap before GC invocations=57 (full 0):
 garbage-first heap   total 242688K, used 192011K [0x0000000080000000, 0x0000000100000000)
  region size 1024K, 58 young (59392K), 2 survivors (2048K)
 Metaspace       used 112062K, committed 112896K, reserved 1179648K
  class space    used 15083K, committed 15488K, reserved 1048576K
}
Event: 42.812 GC heap after
{Heap after GC invocations=58 (full 0):
 garbage-first heap   total 242688K, used 137031K [0x0000000080000000, 0x0000000100000000)
  region size 1024K, 3 young (3072K), 3 survivors (3072K)
 Metaspace       used 112062K, committed 112896K, reserved 1179648K
  class space    used 15083K, committed 15488K, reserved 1048576K
}
Event: 43.519 GC heap before
{Heap before GC invocations=58 (full 0):
 garbage-first heap   total 242688K, used 196423K [0x0000000080000000, 0x0000000100000000)
  region size 1024K, 62 young (63488K), 3 survivors (3072K)
 Metaspace       used 113449K, committed 114304K, reserved 1179648K
  class space    used 15250K, committed 15680K, reserved 1048576K
}
Event: 43.522 GC heap after
{Heap after GC invocations=59 (full 0):
 garbage-first heap   total 242688K, used 136917K [0x0000000080000000, 0x0000000100000000)
  region size 1024K, 3 young (3072K), 3 survivors (3072K)
 Metaspace       used 113449K, committed 114304K, reserved 1179648K
  class space    used 15250K, committed 15680K, reserved 1048576K
}
Event: 46.231 GC heap before
{Heap before GC invocations=59 (full 0):
 garbage-first heap   total 242688K, used 200405K [0x0000000080000000, 0x0000000100000000)
  region size 1024K, 66 young (67584K), 3 survivors (3072K)
 Metaspace       used 115476K, committed 116288K, reserved 1179648K
  class space    used 15470K, committed 15872K, reserved 1048576K
}
Event: 46.239 GC heap after
{Heap after GC invocations=60 (full 0):
 garbage-first heap   total 242688K, used 142518K [0x0000000080000000, 0x0000000100000000)
  region size 1024K, 9 young (9216K), 9 survivors (9216K)
 Metaspace       used 115476K, committed 116288K, reserved 1179648K
  class space    used 15470K, committed 15872K, reserved 1048576K
}
Event: 47.744 GC heap before
{Heap before GC invocations=60 (full 0):
 garbage-first heap   total 242688K, used 199862K [0x0000000080000000, 0x0000000100000000)
  region size 1024K, 66 young (67584K), 9 survivors (9216K)
 Metaspace       used 116600K, committed 117376K, reserved 1179648K
  class space    used 15603K, committed 16000K, reserved 1048576K
}
Event: 47.750 GC heap after
{Heap after GC invocations=61 (full 0):
 garbage-first heap   total 242688K, used 145344K [0x0000000080000000, 0x0000000100000000)
  region size 1024K, 4 young (4096K), 4 survivors (4096K)
 Metaspace       used 116600K, committed 117376K, reserved 1179648K
  class space    used 15603K, committed 16000K, reserved 1048576K
}
Event: 47.859 GC heap before
{Heap before GC invocations=61 (full 0):
 garbage-first heap   total 242688K, used 201664K [0x0000000080000000, 0x0000000100000000)
  region size 1024K, 60 young (61440K), 4 survivors (4096K)
 Metaspace       used 116635K, committed 117440K, reserved 1179648K
  class space    used 15605K, committed 16000K, reserved 1048576K
}
Event: 47.862 GC heap after
{Heap after GC invocations=62 (full 0):
 garbage-first heap   total 242688K, used 145209K [0x0000000080000000, 0x0000000100000000)
  region size 1024K, 3 young (3072K), 3 survivors (3072K)
 Metaspace       used 116635K, committed 117440K, reserved 1179648K
  class space    used 15605K, committed 16000K, reserved 1048576K
}
Event: 47.994 GC heap before
{Heap before GC invocations=62 (full 0):
 garbage-first heap   total 242688K, used 204601K [0x0000000080000000, 0x0000000100000000)
  region size 1024K, 62 young (63488K), 3 survivors (3072K)
 Metaspace       used 116646K, committed 117440K, reserved 1179648K
  class space    used 15606K, committed 16000K, reserved 1048576K
}

